<?xml version="1.0" encoding="UTF-8"?>
<testng-results ignored="0" total="1" passed="1" failed="0" skipped="0">
  <reporter-output>
  </reporter-output>
  <suite started-at="2022-07-28T14:56:37 IST" name="Default suite" finished-at="2022-07-28T14:56:45 IST" duration-ms="7406">
    <groups>
    </groups>
    <test started-at="2022-07-28T14:56:37 IST" name="Default test" finished-at="2022-07-28T14:56:45 IST" duration-ms="7406">
      <class name="com.parabank.parasoft.TestClasses.Verify_Login_Functionality">
        <test-method is-config="true" signature="setUpMethod()[pri:0, instance:com.parabank.parasoft.TestClasses.Verify_Login_Functionality@6a192cfe]" started-at="2022-07-28T14:56:37 IST" name="setUpMethod" finished-at="2022-07-28T14:56:45 IST" duration-ms="7208" status="PASS">
          <reporter-output>
          </reporter-output>
        </test-method> <!-- setUpMethod -->
        <test-method signature="LogInFunctionality()[pri:0, instance:com.parabank.parasoft.TestClasses.Verify_Login_Functionality@6a192cfe]" started-at="2022-07-28T14:56:45 IST" name="LogInFunctionality" finished-at="2022-07-28T14:56:45 IST" duration-ms="18" status="PASS">
          <reporter-output>
          </reporter-output>
        </test-method> <!-- LogInFunctionality -->
        <test-method is-config="true" signature="tearDownMethod()[pri:0, instance:com.parabank.parasoft.TestClasses.Verify_Login_Functionality@6a192cfe]" started-at="2022-07-28T14:56:45 IST" name="tearDownMethod" finished-at="2022-07-28T14:56:45 IST" duration-ms="149" status="PASS">
          <reporter-output>
          </reporter-output>
        </test-method> <!-- tearDownMethod -->
      </class> <!-- com.parabank.parasoft.TestClasses.Verify_Login_Functionality -->
    </test> <!-- Default test -->
  </suite> <!-- Default suite -->
</testng-results>
